This is pdfTeX, Version 3.1415926-2.5-1.40.14 (TeX Live 2013/Debian) (format=pdflatex 2015.8.21)  26 AUG 2015 16:36
entering extended mode
 restricted \write18 enabled.
 Source specials enabled.
 %&-line parsing enabled.
**ShayganfarRichSidner.tex
(./ShayganfarRichSidner.tex
LaTeX2e <2011/06/27>
Babel <3.9h> and hyphenation patterns for 78 languages loaded.
(/usr/share/texlive/texmf-dist/tex/latex/base/article.cls
Document Class: article 2007/10/19 v1.4h Standard LaTeX document class
(/usr/share/texlive/texmf-dist/tex/latex/base/size10.clo
File: size10.clo 2007/10/19 v1.4h Standard LaTeX file (size option)
)
\c@part=\count79
\c@section=\count80
\c@subsection=\count81
\c@subsubsection=\count82
\c@paragraph=\count83
\c@subparagraph=\count84
\c@figure=\count85
\c@table=\count86
\abovecaptionskip=\skip41
\belowcaptionskip=\skip42
\bibindent=\dimen102
) (./aaai.sty
Conference Style for AAAI for LaTeX 2e -- version of 1 January 2015
\titlebox=\skip43
) (/usr/share/texlive/texmf-dist/tex/latex/psnfss/times.sty
Package: times 2005/04/12 PSNFSS-v9.2a (SPQR) 
)
(/usr/share/texlive/texmf-dist/tex/latex/psnfss/helvet.sty
Package: helvet 2005/04/12 PSNFSS-v9.2a (WaS) 

(/usr/share/texlive/texmf-dist/tex/latex/graphics/keyval.sty
Package: keyval 1999/03/16 v1.13 key=value parser (DPC)
\KV@toks@=\toks14
))
(/usr/share/texlive/texmf-dist/tex/latex/psnfss/courier.sty
Package: courier 2005/04/12 PSNFSS-v9.2a (WaS) 
)
(./ShayganfarRichSidner.aux)
\openout1 = `ShayganfarRichSidner.aux'.

LaTeX Font Info:    Checking defaults for OML/cmm/m/it on input line 15.
LaTeX Font Info:    ... okay on input line 15.
LaTeX Font Info:    Checking defaults for T1/cmr/m/n on input line 15.
LaTeX Font Info:    ... okay on input line 15.
LaTeX Font Info:    Checking defaults for OT1/cmr/m/n on input line 15.
LaTeX Font Info:    ... okay on input line 15.
LaTeX Font Info:    Checking defaults for OMS/cmsy/m/n on input line 15.
LaTeX Font Info:    ... okay on input line 15.
LaTeX Font Info:    Checking defaults for OMX/cmex/m/n on input line 15.
LaTeX Font Info:    ... okay on input line 15.
LaTeX Font Info:    Checking defaults for U/cmr/m/n on input line 15.
LaTeX Font Info:    ... okay on input line 15.
LaTeX Font Info:    Try loading font information for OT1+ptm on input line 15.

(/usr/share/texlive/texmf-dist/tex/latex/psnfss/ot1ptm.fd
File: ot1ptm.fd 2001/06/04 font definitions for OT1/ptm.
)
LaTeX Font Info:    Font shape `OT1/ptm/bx/n' in size <14.4> not available
(Font)              Font shape `OT1/ptm/b/n' tried instead on input line 27.
LaTeX Font Info:    External font `cmex10' loaded for size
(Font)              <7> on input line 27.
LaTeX Font Info:    External font `cmex10' loaded for size
(Font)              <5> on input line 27.
LaTeX Font Info:    Font shape `OT1/ptm/bx/n' in size <12> not available
(Font)              Font shape `OT1/ptm/b/n' tried instead on input line 27.
LaTeX Font Info:    Try loading font information for OMS+ptm on input line 27.

(/usr/share/texlive/texmf-dist/tex/latex/psnfss/omsptm.fd
File: omsptm.fd 
)
LaTeX Font Info:    Font shape `OMS/ptm/m/n' in size <9> not available
(Font)              Font shape `OMS/cmsy/m/n' tried instead on input line 27.
LaTeX Font Info:    Font shape `OT1/ptm/bx/n' in size <10> not available
(Font)              Font shape `OT1/ptm/b/n' tried instead on input line 28.
LaTeX Font Info:    Font shape `OT1/ptm/bx/n' in size <10.95> not available
(Font)              Font shape `OT1/ptm/b/n' tried instead on input line 40.
LaTeX Font Info:    External font `cmex10' loaded for size
(Font)              <12> on input line 62.
LaTeX Font Info:    External font `cmex10' loaded for size
(Font)              <8> on input line 62.
LaTeX Font Info:    External font `cmex10' loaded for size
(Font)              <6> on input line 62.
LaTeX Font Info:    Font shape `OT1/ptm/bx/n' in size <8> not available
(Font)              Font shape `OT1/ptm/b/n' tried instead on input line 62.
LaTeX Font Info:    External font `cmex10' loaded for size
(Font)              <9> on input line 84.

Underfull \hbox (badness 10000) in paragraph at lines 75--114
\OMS/cmsy/m/n/9 n\OT1/ptm/m/n/9 setlength\OMS/cmsy/m/n/9 fn\OT1/ptm/m/n/9 pdfpa
gewidth\OMS/cmsy/m/n/9 gf\OT1/ptm/m/n/9 8.5in\OMS/cmsy/m/n/9 g
 []

[1{/var/lib/texmf/fonts/map/pdftex/updmap/pdftex.map}



]
LaTeX Font Info:    External font `cmex10' loaded for size
(Font)              <10.95> on input line 116.

Underfull \hbox (badness 10000) in paragraph at lines 131--138

 []


Underfull \hbox (badness 1281) in paragraph at lines 140--141
[]\OT1/ptm/m/n/10 The fol-low-ing pack-ages are in-com-pat-i-ble with aaai.sty
 []

LaTeX Font Info:    Font shape `OMS/ptm/m/n' in size <10> not available
(Font)              Font shape `OMS/cmsy/m/n' tried instead on input line 142.

Underfull \hbox (badness 3333) in paragraph at lines 177--181
[][]\OT1/ptm/m/n/10 This com-mand is usu-ally suf-fi-cient to change the
 []


Underfull \hbox (badness 3965) in paragraph at lines 177--181
\OT1/ptm/m/n/10 for-mat. Some-times, how-ever, it may not work. Use
 []


Underfull \hbox (badness 1087) in paragraph at lines 189--191
\OMS/cmsy/m/n/10 n\OT1/ptm/m/n/10 abovedisplayskip, \OMS/cmsy/m/n/10 n\OT1/ptm/
m/n/10 belowdisplayskip, and \OMS/cmsy/m/n/10 n\OT1/ptm/m/n/10 arraycolsep.
 []

[2]
Underfull \hbox (badness 2035) in paragraph at lines 192--193
\OT1/ptm/m/n/10 in-clude \OMS/cmsy/m/n/10 n\OT1/ptm/m/n/10 columnsep, \OMS/cmsy
/m/n/10 n\OT1/ptm/m/n/10 topmargin, \OMS/cmsy/m/n/10 n\OT1/ptm/m/n/10 topskip, 
\OMS/cmsy/m/n/10 n\OT1/ptm/m/n/10 textheight,
 []

LaTeX Font Info:    Font shape `OT1/ptm/bx/n' in size <7> not available
(Font)              Font shape `OT1/ptm/b/n' tried instead on input line 212.

Underfull \hbox (badness 1264) in paragraph at lines 212--214
 \OT1/ptm/b/n/10 Ob-tain-ing Type 1 Com-puter Mod-ern for L[]T[]X. []\OT1/ptm/m
/n/10 If
 []


Underfull \hbox (badness 1281) in paragraph at lines 212--214
\OT1/ptm/m/n/10 pa-per (you can-not use it for the text) you may need
 []

[3]
Underfull \hbox (badness 1092) in paragraph at lines 265--268
[]\OT1/ptm/m/n/10 If the ti-tle and au-thor in-for-ma-tion does not fit in the
 []

LaTeX Font Info:    Try loading font information for OT1+pcr on input line 270.

(/usr/share/texlive/texmf-dist/tex/latex/psnfss/ot1pcr.fd
File: ot1pcr.fd 2001/06/04 font definitions for OT1/pcr.
)
Underfull \hbox (badness 1231) in paragraph at lines 270--273
[]\OT1/ptm/m/n/10 The copy-right no-tice au-to-mat-i-cally ap-pears if you use
 []

Missing character: There is no ï in font ptmr7t!
Missing character: There is no ¿ in font ptmr7t!
Missing character: There is no ½ in font ptmr7t!
Missing character: There is no ï in font ptmr7t!
Missing character: There is no ¿ in font ptmr7t!
Missing character: There is no ½ in font ptmr7t!

Underfull \hbox (badness 3209) in paragraph at lines 321--322
 \OT1/ptm/b/n/10 Sec-tion Head-ings. []\OT1/ptm/m/n/10 Sec-tions should be ar-r
anged and
 []


Underfull \hbox (badness 1248) in paragraph at lines 324--325
\OT1/ptm/m/n/10 ``Ac-knowl-edg-ments." This sec-tion in-cludes ac-knowl-edg-
 []

[4]
Underfull \hbox (badness 2158) in paragraph at lines 327--328
 \OT1/ptm/b/n/10 Ap-pen-dices. []\OT1/ptm/m/n/10 Any ap-pen-dices fol-low the a
c-knowl-edg-
 []


Underfull \hbox (badness 2035) in paragraph at lines 330--331
 \OT1/ptm/b/n/10 Ref-er-ences []\OT1/ptm/m/n/10 The ref-er-ences sec-tion shoul
d be la-beled
 []


Underfull \hbox (badness 10000) in paragraph at lines 338--339
 \OT1/ptm/b/n/10 Low-Resolution Bitmaps. []\OT1/ptm/m/n/10 You may not use low-

 []


Underfull \hbox (badness 5403) in paragraph at lines 338--339
\OT1/ptm/m/n/10 resolution (such as 72 dpi) screen-dumps and GIF
 []

[5] [6]
Underfull \hbox (badness 1028) in paragraph at lines 463--464
[]\OT1/ptm/m/n/10 L[]T[]X is a dif-fi-cult pro-gram to mas-ter. If you've used
 []


Underfull \hbox (badness 1389) in paragraph at lines 463--464
\OT1/ptm/m/n/10 that soft-ware, and this doc-u-ment didn't help or some
 []


Underfull \hbox (badness 1087) in paragraph at lines 463--464
\OT1/ptm/m/n/10 2002/08/13) about ob-tain-ing cor-rect PS/PDF out-put on
 []

[7] (./ShayganfarRichSidner.aux) ) 
Here is how much of TeX's memory you used:
 444 strings out of 493304
 5735 string characters out of 6139871
 62876 words of memory out of 5000000
 3934 multiletter control sequences out of 15000+600000
 31388 words of font info for 60 fonts, out of 8000000 for 9000
 957 hyphenation exceptions out of 8191
 23i,10n,20p,993b,242s stack positions out of 5000i,500n,10000p,200000b,80000s
{/usr/share/texlive/texmf-dist/fonts/enc/dvip
s/base/8r.enc}</usr/share/texlive/texmf-dist/fonts/type1/public/amsfonts/cm/cms
y10.pfb></usr/share/texlive/texmf-dist/fonts/type1/public/amsfonts/cm/cmsy9.pfb
></usr/share/texlive/texmf-dist/fonts/type1/urw/courier/ucrr8a.pfb></usr/share/
texlive/texmf-dist/fonts/type1/urw/times/utmb8a.pfb></usr/share/texlive/texmf-d
ist/fonts/type1/urw/times/utmr8a.pfb></usr/share/texlive/texmf-dist/fonts/type1
/urw/times/utmri8a.pfb>
Output written on ShayganfarRichSidner.pdf (7 pages, 100611 bytes).
PDF statistics:
 53 PDF objects out of 1000 (max. 8388607)
 37 compressed objects within 1 object stream
 0 named destinations out of 1000 (max. 500000)
 1 words of extra memory for PDF output out of 10000 (max. 10000000)

